# JRE version: OpenJDK Runtime Environment Corretto-17.0.4.8.1 (17.0.4+8) (build 17.0.4+8-LTS)
# Java VM: OpenJDK 64-Bit Server VM Corretto-17.0.4.8.1 (17.0.4+8-LTS, mixed mode, sharing, tiered, compressed oops, compressed class ptrs, g1 gc, windows-amd64)
GC Precious Log:
 CPUs: 8 total, 8 available
 Memory: 8108M
 Large Page Support: Disabled
 NUMA Support: Disabled
 Compressed Oops: Enabled (32-bit)
 Heap Region Size: 1M
 Heap Min Capacity: 8M
 Heap Initial Capacity: 128M
 Heap Max Capacity: 2028M
 Pre-touch: Disabled
 Parallel Workers: 8
 Concurrent Workers: 2
 Concurrent Refinement Workers: 8
 Periodic GC: Disabled
Heap:
 garbage-first heap   total 389120K, used 253434K [0x0000000081400000, 0x0000000100000000)
  region size 1024K, 78 young (79872K), 1 survivors (1024K)
 Metaspace       used 75097K, committed 75648K, reserved 1122304K
  class space    used 8136K, committed 8384K, reserved 1048576K
GC Heap History (20 events):
Event: 50.435 GC heap before
{Heap before GC invocations=55 (full 0):
 garbage-first heap   total 389120K, used 145378K [0x0000000081400000, 0x0000000100000000)
  region size 1024K, 30 young (30720K), 29 survivors (29696K)
 Metaspace       used 72185K, committed 72768K, reserved 1114112K
  class space    used 8043K, committed 8320K, reserved 1048576K
}
Event: 50.460 GC heap after
{Heap after GC invocations=56 (full 0):
 garbage-first heap   total 389120K, used 145372K [0x0000000081400000, 0x0000000100000000)
  region size 1024K, 2 young (2048K), 2 survivors (2048K)
 Metaspace       used 72185K, committed 72768K, reserved 1114112K
  class space    used 8043K, committed 8320K, reserved 1048576K
}
Event: 52.389 GC heap before
{Heap before GC invocations=56 (full 0):
 garbage-first heap   total 389120K, used 332764K [0x0000000081400000, 0x0000000100000000)
  region size 1024K, 185 young (189440K), 2 survivors (2048K)
 Metaspace       used 72342K, committed 72960K, reserved 1114112K
  class space    used 8055K, committed 8320K, reserved 1048576K
}
Event: 52.390 GC heap after
{Heap after GC invocations=57 (full 0):
 garbage-first heap   total 389120K, used 144004K [0x0000000081400000, 0x0000000100000000)
  region size 1024K, 1 young (1024K), 1 survivors (1024K)
 Metaspace       used 72342K, committed 72960K, reserved 1114112K
  class space    used 8055K, committed 8320K, reserved 1048576K
}
Event: 56.446 GC heap before
{Heap before GC invocations=57 (full 0):
 garbage-first heap   total 389120K, used 235140K [0x0000000081400000, 0x0000000100000000)
  region size 1024K, 91 young (93184K), 1 survivors (1024K)
 Metaspace       used 73225K, committed 73856K, reserved 1122304K
  class space    used 8087K, committed 8384K, reserved 1048576K
}
Event: 56.451 GC heap after
{Heap after GC invocations=58 (full 0):
 garbage-first heap   total 389120K, used 149190K [0x0000000081400000, 0x0000000100000000)
  region size 1024K, 6 young (6144K), 6 survivors (6144K)
 Metaspace       used 73225K, committed 73856K, reserved 1122304K
  class space    used 8087K, committed 8384K, reserved 1048576K
}
Event: 66.591 GC heap before
{Heap before GC invocations=59 (full 0):
 garbage-first heap   total 389120K, used 352966K [0x0000000081400000, 0x0000000100000000)
  region size 1024K, 186 young (190464K), 6 survivors (6144K)
 Metaspace       used 74032K, committed 74624K, reserved 1122304K
  class space    used 8107K, committed 8384K, reserved 1048576K
}
Event: 66.597 GC heap after
{Heap after GC invocations=60 (full 0):
 garbage-first heap   total 389120K, used 181782K [0x0000000081400000, 0x0000000100000000)
  region size 1024K, 19 young (19456K), 19 survivors (19456K)
 Metaspace       used 74032K, committed 74624K, reserved 1122304K
  class space    used 8107K, committed 8384K, reserved 1048576K
}
Event: 66.601 GC heap before
{Heap before GC invocations=60 (full 0):
 garbage-first heap   total 389120K, used 182806K [0x0000000081400000, 0x0000000100000000)
  region size 1024K, 20 young (20480K), 19 survivors (19456K)
 Metaspace       used 74035K, committed 74624K, reserved 1122304K
  class space    used 8108K, committed 8384K, reserved 1048576K
}
Event: 66.607 GC heap after
{Heap after GC invocations=61 (full 0):
 garbage-first heap   total 389120K, used 178934K [0x0000000081400000, 0x0000000100000000)
  region size 1024K, 1 young (1024K), 1 survivors (1024K)
 Metaspace       used 74035K, committed 74624K, reserved 1122304K
  class space    used 8108K, committed 8384K, reserved 1048576K
}
Event: 75.755 GC heap before
{Heap before GC invocations=61 (full 0):
 garbage-first heap   total 389120K, used 329462K [0x0000000081400000, 0x0000000100000000)
  region size 1024K, 148 young (151552K), 1 survivors (1024K)
 Metaspace       used 74339K, committed 74944K, reserved 1122304K
  class space    used 8126K, committed 8384K, reserved 1048576K
}
Event: 75.763 GC heap after
{Heap after GC invocations=62 (full 0):
 garbage-first heap   total 389120K, used 181527K [0x0000000081400000, 0x0000000100000000)
  region size 1024K, 4 young (4096K), 4 survivors (4096K)
 Metaspace       used 74339K, committed 74944K, reserved 1122304K
  class space    used 8126K, committed 8384K, reserved 1048576K
}
Event: 92.514 GC heap before
{Heap before GC invocations=62 (full 0):
 garbage-first heap   total 389120K, used 331031K [0x0000000081400000, 0x0000000100000000)
  region size 1024K, 150 young (153600K), 4 survivors (4096K)
 Metaspace       used 74779K, committed 75392K, reserved 1122304K
  class space    used 8131K, committed 8384K, reserved 1048576K
}
Event: 92.524 GC heap after
{Heap after GC invocations=63 (full 0):
 garbage-first heap   total 389120K, used 183284K [0x0000000081400000, 0x0000000100000000)
  region size 1024K, 5 young (5120K), 5 survivors (5120K)
 Metaspace       used 74779K, committed 75392K, reserved 1122304K
  class space    used 8131K, committed 8384K, reserved 1048576K
}
Event: 109.260 GC heap before
{Heap before GC invocations=63 (full 0):
 garbage-first heap   total 389120K, used 332788K [0x0000000081400000, 0x0000000100000000)
  region size 1024K, 151 young (154624K), 5 survivors (5120K)
 Metaspace       used 74892K, committed 75456K, reserved 1122304K
  class space    used 8133K, committed 8384K, reserved 1048576K
}
Event: 109.270 GC heap after
{Heap after GC invocations=64 (full 0):
 garbage-first heap   total 389120K, used 183262K [0x0000000081400000, 0x0000000100000000)
  region size 1024K, 5 young (5120K), 5 survivors (5120K)
 Metaspace       used 74892K, committed 75456K, reserved 1122304K
  class space    used 8133K, committed 8384K, reserved 1048576K
}
Event: 120.865 GC heap before
{Heap before GC invocations=65 (full 0):
 garbage-first heap   total 389120K, used 331742K [0x0000000081400000, 0x0000000100000000)
  region size 1024K, 152 young (155648K), 5 survivors (5120K)
 Metaspace       used 74999K, committed 75584K, reserved 1122304K
  class space    used 8135K, committed 8384K, reserved 1048576K
}
Event: 120.871 GC heap after
{Heap after GC invocations=66 (full 0):
 garbage-first heap   total 389120K, used 180059K [0x0000000081400000, 0x0000000100000000)
  region size 1024K, 4 young (4096K), 4 survivors (4096K)
 Metaspace       used 74999K, committed 75584K, reserved 1122304K
  class space    used 8135K, committed 8384K, reserved 1048576K
}
Event: 121.613 GC heap before
{Heap before GC invocations=66 (full 0):
 garbage-first heap   total 389120K, used 195419K [0x0000000081400000, 0x0000000100000000)
  region size 1024K, 19 young (19456K), 4 survivors (4096K)
 Metaspace       used 75010K, committed 75584K, reserved 1122304K
  class space    used 8135K, committed 8384K, reserved 1048576K
}
Event: 121.619 GC heap after
{Heap after GC invocations=67 (full 0):
 garbage-first heap   total 389120K, used 176634K [0x0000000081400000, 0x0000000100000000)
  region size 1024K, 1 young (1024K), 1 survivors (1024K)
 Metaspace       used 75010K, committed 75584K, reserved 1122304K
  class space    used 8135K, committed 8384K, reserved 1048576K
}

